[July 1, 2024, 7:33 pm] - &file=K:\servers\htdocs\PhpStats\stats\inc\main_func.inc.php&line=25&function=mysql_connect&args=Array
[July 1, 2024, 7:33 pm] - &file=K:\servers\htdocs\PhpStats\stats\inc\main_func.inc.php&line=28&function=mysql_select_db&args=Array
[July 1, 2024, 7:33 pm] - &file=K:\servers\htdocs\PhpStats\stats\inc\main_func.inc.php&line=37&function=mysql_query&args=Array
[July 1, 2024, 7:33 pm] - &file=K:\servers\htdocs\PhpStats\stats\admin.php&line=97&function=mysql_num_rows&args=Array
[July 1, 2024, 7:33 pm] - &file=K:\servers\htdocs\PhpStats\stats\admin.php&line=99&function=mysql_fetch_row&args=Array
[July 1, 2024, 7:33 pm] - &file=K:\servers\htdocs\PhpStats\stats\admin.php&line=99&function=mysql_fetch_row&args=Array
[July 1, 2024, 7:33 pm] - &file=K:\servers\htdocs\PhpStats\stats\admin.php&line=99&function=mysql_fetch_row&args=Array
[July 1, 2024, 7:33 pm] - &file=K:\servers\htdocs\PhpStats\stats\admin.php&line=99&function=mysql_fetch_row&args=Array
[July 1, 2024, 7:33 pm] - &file=K:\servers\htdocs\PhpStats\stats\admin.php&line=99&function=mysql_fetch_row&args=Array
[July 1, 2024, 7:33 pm] - &file=K:\servers\htdocs\PhpStats\stats\admin.php&line=99&function=mysql_fetch_row&args=Array
[July 1, 2024, 7:33 pm] - &file=K:\servers\htdocs\PhpStats\stats\inc\main_func.inc.php&line=37&function=mysql_query&args=Array
[July 1, 2024, 7:33 pm] - &file=K:\servers\htdocs\PhpStats\stats\inc\user_func.inc.php&line=16&function=mysql_fetch_row&args=Array
[July 1, 2024, 7:33 pm] - &file=K:\servers\htdocs\PhpStats\stats\inc\main_func.inc.php&line=37&function=mysql_query&args=Array
[July 1, 2024, 7:33 pm] - &file=K:\servers\htdocs\PhpStats\stats\inc\main_func.inc.php&line=37&function=mysql_query&args=Array
[July 1, 2024, 7:33 pm] - &file=K:\servers\htdocs\PhpStats\stats\inc\main_func.inc.php&line=37&function=mysql_query&args=Array
[July 1, 2024, 7:33 pm] - &file=K:\servers\htdocs\PhpStats\stats\inc\admin_func.inc.php&line=527&function=mysql_affected_rows&args=Array
[July 1, 2024, 7:33 pm] - &file=K:\servers\htdocs\PhpStats\stats\inc\main_func.inc.php&line=37&function=mysql_query&args=Array
[July 1, 2024, 7:33 pm] - &file=K:\servers\htdocs\PhpStats\stats\inc\main_func.inc.php&line=37&function=mysql_query&args=Array
[July 1, 2024, 7:33 pm] - &file=K:\servers\htdocs\PhpStats\stats\inc\main_func.inc.php&line=37&function=mysql_query&args=Array
[July 1, 2024, 7:33 pm] - &file=K:\servers\htdocs\PhpStats\stats\inc\main.inc.php&line=23&function=mysql_fetch_row&args=Array
[July 1, 2024, 7:33 pm] - &file=K:\servers\htdocs\PhpStats\stats\inc\main_func.inc.php&line=37&function=mysql_query&args=Array
[July 1, 2024, 7:33 pm] - &file=K:\servers\htdocs\PhpStats\stats\inc\main.inc.php&line=32&function=mysql_fetch_row&args=Array
[July 1, 2024, 7:33 pm] - &file=K:\servers\htdocs\PhpStats\stats\inc\main_func.inc.php&line=37&function=mysql_query&args=Array
[July 1, 2024, 7:33 pm] - &file=K:\servers\htdocs\PhpStats\stats\inc\main.inc.php&line=41&function=mysql_fetch_row&args=Array
[July 1, 2024, 7:33 pm] - &file=K:\servers\htdocs\PhpStats\stats\inc\main_func.inc.php&line=37&function=mysql_query&args=Array
[July 1, 2024, 7:33 pm] - &file=K:\servers\htdocs\PhpStats\stats\inc\main.inc.php&line=50&function=mysql_fetch_row&args=Array
[July 1, 2024, 7:33 pm] - &file=K:\servers\htdocs\PhpStats\stats\inc\main_func.inc.php&line=37&function=mysql_query&args=Array
[July 1, 2024, 7:33 pm] - &file=K:\servers\htdocs\PhpStats\stats\inc\main.inc.php&line=59&function=mysql_fetch_row&args=Array
[July 1, 2024, 7:33 pm] - &file=K:\servers\htdocs\PhpStats\stats\inc\main_func.inc.php&line=37&function=mysql_query&args=Array
[July 1, 2024, 7:33 pm] - &file=K:\servers\htdocs\PhpStats\stats\inc\main.inc.php&line=68&function=mysql_fetch_row&args=Array
[July 1, 2024, 7:33 pm] - &file=K:\servers\htdocs\PhpStats\stats\inc\main_func.inc.php&line=37&function=mysql_query&args=Array
[July 1, 2024, 7:33 pm] - &file=K:\servers\htdocs\PhpStats\stats\inc\main.inc.php&line=82&function=mysql_affected_rows&args=Array
[July 1, 2024, 7:33 pm] - &file=K:\servers\htdocs\PhpStats\stats\inc\main.inc.php&line=84&function=mysql_fetch_row&args=Array
[July 1, 2024, 7:33 pm] - &file=K:\servers\htdocs\PhpStats\stats\inc\main.inc.php&line=84&function=mysql_fetch_row&args=Array
[July 1, 2024, 7:33 pm] - &file=K:\servers\htdocs\PhpStats\stats\inc\main_func.inc.php&line=37&function=mysql_query&args=Array
[July 1, 2024, 7:33 pm] - &file=K:\servers\htdocs\PhpStats\stats\inc\main.inc.php&line=105&function=mysql_fetch_row&args=Array
[July 1, 2024, 7:33 pm] - &file=K:\servers\htdocs\PhpStats\stats\inc\main_func.inc.php&line=37&function=mysql_query&args=Array
[July 1, 2024, 7:33 pm] - &file=K:\servers\htdocs\PhpStats\stats\inc\main.inc.php&line=113&function=mysql_num_rows&args=Array
[July 1, 2024, 7:33 pm] - &file=K:\servers\htdocs\PhpStats\stats\inc\main_func.inc.php&line=37&function=mysql_query&args=Array
[July 1, 2024, 7:33 pm] - &file=K:\servers\htdocs\PhpStats\stats\inc\main.inc.php&line=118&function=mysql_fetch_row&args=Array
[July 1, 2024, 7:33 pm] - &file=K:\servers\htdocs\PhpStats\stats\inc\main_func.inc.php&line=37&function=mysql_query&args=Array
[July 1, 2024, 7:33 pm] - &file=K:\servers\htdocs\PhpStats\stats\inc\main.inc.php&line=122&function=mysql_fetch_row&args=Array
[July 1, 2024, 7:33 pm] - &file=K:\servers\htdocs\PhpStats\stats\inc\main_func.inc.php&line=37&function=mysql_query&args=Array
[July 1, 2024, 7:33 pm] - &file=K:\servers\htdocs\PhpStats\stats\inc\main.inc.php&line=138&function=mysql_num_rows&args=Array
[July 1, 2024, 7:33 pm] - &file=K:\servers\htdocs\PhpStats\stats\inc\main.inc.php&line=140&function=mysql_fetch_row&args=Array
[July 1, 2024, 7:33 pm] - &file=K:\servers\htdocs\PhpStats\stats\inc\main_func.inc.php&line=37&function=mysql_query&args=Array
[July 1, 2024, 7:33 pm] - &file=K:\servers\htdocs\PhpStats\stats\inc\main.inc.php&line=148&function=mysql_num_rows&args=Array
[July 1, 2024, 7:33 pm] - &file=K:\servers\htdocs\PhpStats\stats\inc\main.inc.php&line=150&function=mysql_fetch_row&args=Array
[July 1, 2024, 7:33 pm] - &file=K:\servers\htdocs\PhpStats\stats\inc\main_func.inc.php&line=37&function=mysql_query&args=Array
[July 1, 2024, 7:33 pm] - &file=K:\servers\htdocs\PhpStats\stats\inc\main.inc.php&line=158&function=mysql_num_rows&args=Array
[July 1, 2024, 7:33 pm] - &file=K:\servers\htdocs\PhpStats\stats\inc\main.inc.php&line=160&function=mysql_fetch_row&args=Array
[July 1, 2024, 7:33 pm] - &file=K:\servers\htdocs\PhpStats\stats\inc\main_func.inc.php&line=37&function=mysql_query&args=Array
[July 1, 2024, 7:33 pm] - &file=K:\servers\htdocs\PhpStats\stats\inc\main.inc.php&line=170&function=mysql_num_rows&args=Array
[July 1, 2024, 7:33 pm] - &file=K:\servers\htdocs\PhpStats\stats\inc\main.inc.php&line=172&function=mysql_fetch_row&args=Array
[July 1, 2024, 7:33 pm] - &file=K:\servers\htdocs\PhpStats\stats\inc\main_func.inc.php&line=37&function=mysql_query&args=Array
[July 1, 2024, 7:33 pm] - &file=K:\servers\htdocs\PhpStats\stats\inc\main.inc.php&line=180&function=mysql_num_rows&args=Array
[July 1, 2024, 7:33 pm] - &file=K:\servers\htdocs\PhpStats\stats\inc\main.inc.php&line=180&function=mysql_fetch_row&args=Array
[July 1, 2024, 7:33 pm] - &file=K:\servers\htdocs\PhpStats\stats\inc\main.inc.php&line=184&function=mysql_query&args=Array
[July 1, 2024, 7:33 pm] - &file=K:\servers\htdocs\PhpStats\stats\inc\main.inc.php&line=185&function=mysql_num_rows&args=Array
[July 1, 2024, 7:33 pm] - &file=K:\servers\htdocs\PhpStats\stats\inc\main.inc.php&line=187&function=mysql_fetch_row&args=Array
[July 1, 2024, 7:33 pm] - &file=K:\servers\htdocs\PhpStats\stats\inc\main_func.inc.php&line=37&function=mysql_query&args=Array
[July 1, 2024, 7:33 pm] - &file=K:\servers\htdocs\PhpStats\stats\inc\main.inc.php&line=249&function=mysql_fetch_row&args=Array
[July 1, 2024, 7:33 pm] - &file=K:\servers\htdocs\PhpStats\stats\inc\main_func.inc.php&line=37&function=mysql_query&args=Array
[July 1, 2024, 7:33 pm] - &file=K:\servers\htdocs\PhpStats\stats\inc\main.inc.php&line=264&function=mysql_fetch_row&args=Array
[July 1, 2024, 7:33 pm] - &file=K:\servers\htdocs\PhpStats\stats\inc\main_func.inc.php&line=37&function=mysql_query&args=Array
[July 1, 2024, 7:33 pm] - &file=K:\servers\htdocs\PhpStats\stats\inc\main.inc.php&line=335&function=mysql_fetch_array&args=Array
[July 1, 2024, 7:33 pm] - &file=K:\servers\htdocs\PhpStats\stats\inc\main.inc.php&line=335&function=mysql_fetch_array&args=Array
[July 1, 2024, 7:33 pm] - &file=K:\servers\htdocs\PhpStats\stats\inc\main.inc.php&line=335&function=mysql_fetch_array&args=Array
[July 1, 2024, 7:33 pm] - &file=K:\servers\htdocs\PhpStats\stats\inc\main.inc.php&line=335&function=mysql_fetch_array&args=Array
[July 1, 2024, 7:33 pm] - &file=K:\servers\htdocs\PhpStats\stats\inc\main.inc.php&line=335&function=mysql_fetch_array&args=Array
[July 1, 2024, 7:33 pm] - &file=K:\servers\htdocs\PhpStats\stats\inc\main.inc.php&line=335&function=mysql_fetch_array&args=Array
[July 1, 2024, 7:33 pm] - &file=K:\servers\htdocs\PhpStats\stats\inc\main.inc.php&line=335&function=mysql_fetch_array&args=Array
[July 1, 2024, 7:33 pm] - &file=K:\servers\htdocs\PhpStats\stats\inc\main.inc.php&line=335&function=mysql_fetch_array&args=Array
[July 1, 2024, 7:33 pm] - &file=K:\servers\htdocs\PhpStats\stats\inc\main.inc.php&line=335&function=mysql_fetch_array&args=Array
[July 1, 2024, 7:33 pm] - &file=K:\servers\htdocs\PhpStats\stats\inc\main.inc.php&line=335&function=mysql_fetch_array&args=Array
[July 1, 2024, 7:33 pm] - &file=K:\servers\htdocs\PhpStats\stats\inc\main.inc.php&line=335&function=mysql_fetch_array&args=Array
[July 1, 2024, 7:33 pm] - &file=K:\servers\htdocs\PhpStats\stats\inc\main.inc.php&line=335&function=mysql_fetch_array&args=Array
[July 1, 2024, 7:33 pm] - &file=K:\servers\htdocs\PhpStats\stats\inc\main.inc.php&line=335&function=mysql_fetch_array&args=Array
[July 1, 2024, 7:33 pm] - &file=K:\servers\htdocs\PhpStats\stats\inc\main.inc.php&line=335&function=mysql_fetch_array&args=Array
[July 1, 2024, 7:33 pm] - &file=K:\servers\htdocs\PhpStats\stats\inc\main.inc.php&line=335&function=mysql_fetch_array&args=Array
[July 1, 2024, 7:33 pm] - &file=K:\servers\htdocs\PhpStats\stats\inc\main.inc.php&line=335&function=mysql_fetch_array&args=Array
[July 1, 2024, 7:33 pm] - &file=K:\servers\htdocs\PhpStats\stats\inc\main.inc.php&line=335&function=mysql_fetch_array&args=Array
[July 1, 2024, 7:33 pm] - &file=K:\servers\htdocs\PhpStats\stats\inc\main.inc.php&line=335&function=mysql_fetch_array&args=Array
[July 1, 2024, 7:33 pm] - &file=K:\servers\htdocs\PhpStats\stats\inc\main.inc.php&line=369&function=mysql_num_rows&args=Array
[July 1, 2024, 7:33 pm] - &file=K:\servers\htdocs\PhpStats\stats\inc\main_func.inc.php&line=37&function=mysql_query&args=Array
[July 1, 2024, 7:33 pm] - &file=K:\servers\htdocs\PhpStats\stats\inc\main.inc.php&line=457&function=mysql_num_rows&args=Array
[July 1, 2024, 7:33 pm] - &file=K:\servers\htdocs\PhpStats\stats\inc\main.inc.php&line=459&function=mysql_fetch_row&args=Array
[July 1, 2024, 7:33 pm] - &file=K:\servers\htdocs\PhpStats\stats\inc\main_func.inc.php&line=37&function=mysql_query&args=Array
[July 1, 2024, 7:33 pm] - &file=K:\servers\htdocs\PhpStats\stats\inc\main.inc.php&line=467&function=mysql_num_rows&args=Array
[July 1, 2024, 7:33 pm] - &file=K:\servers\htdocs\PhpStats\stats\inc\main.inc.php&line=469&function=mysql_fetch_row&args=Array
[July 1, 2024, 7:33 pm] - &file=K:\servers\htdocs\PhpStats\stats\inc\main_func.inc.php&line=37&function=mysql_query&args=Array
[July 1, 2024, 7:33 pm] - &file=K:\servers\htdocs\PhpStats\stats\inc\main.inc.php&line=476&function=mysql_num_rows&args=Array
[July 1, 2024, 7:33 pm] - &file=K:\servers\htdocs\PhpStats\stats\inc\main.inc.php&line=478&function=mysql_fetch_row&args=Array
[July 1, 2024, 7:33 pm] - &file=K:\servers\htdocs\PhpStats\stats\inc\main_func.inc.php&line=37&function=mysql_query&args=Array
[July 1, 2024, 7:33 pm] - &file=K:\servers\htdocs\PhpStats\stats\inc\main.inc.php&line=484&function=mysql_num_rows&args=Array
[July 1, 2024, 7:33 pm] - &file=K:\servers\htdocs\PhpStats\stats\inc\main.inc.php&line=486&function=mysql_fetch_row&args=Array
[July 1, 2024, 7:33 pm] - &file=K:\servers\htdocs\PhpStats\stats\inc\main_func.inc.php&line=37&function=mysql_query&args=Array
[July 1, 2024, 7:33 pm] - &file=K:\servers\htdocs\PhpStats\stats\inc\main.inc.php&line=492&function=mysql_num_rows&args=Array
[July 1, 2024, 7:33 pm] - &file=K:\servers\htdocs\PhpStats\stats\inc\main.inc.php&line=494&function=mysql_fetch_row&args=Array
[July 1, 2024, 7:33 pm] - &file=K:\servers\htdocs\PhpStats\stats\inc\main_func.inc.php&line=37&function=mysql_query&args=Array
[July 1, 2024, 7:33 pm] - &file=K:\servers\htdocs\PhpStats\stats\inc\main.inc.php&line=504&function=mysql_num_rows&args=Array
[July 1, 2024, 7:33 pm] - &file=K:\servers\htdocs\PhpStats\stats\inc\main.inc.php&line=506&function=mysql_fetch_row&args=Array
[July 1, 2024, 7:33 pm] - &file=K:\servers\htdocs\PhpStats\stats\inc\main.inc.php&line=550&function=mysql_get_server_info&args=Array
[July 1, 2024, 7:33 pm] - &file=K:\servers\htdocs\PhpStats\stats\admin.php&line=279&function=mysql_close&args=Array
[July 1, 2024, 7:33 pm] - &file=K:\servers\htdocs\PhpStats\stats\inc\main_func.inc.php&line=25&function=mysql_connect&args=Array
[July 1, 2024, 7:33 pm] - &file=K:\servers\htdocs\PhpStats\stats\inc\main_func.inc.php&line=28&function=mysql_select_db&args=Array
[July 1, 2024, 7:33 pm] - &file=K:\servers\htdocs\PhpStats\stats\inc\main_func.inc.php&line=37&function=mysql_query&args=Array
[July 1, 2024, 7:33 pm] - &file=K:\servers\htdocs\PhpStats\stats\admin.php&line=97&function=mysql_num_rows&args=Array
[July 1, 2024, 7:33 pm] - &file=K:\servers\htdocs\PhpStats\stats\admin.php&line=99&function=mysql_fetch_row&args=Array
[July 1, 2024, 7:33 pm] - &file=K:\servers\htdocs\PhpStats\stats\admin.php&line=99&function=mysql_fetch_row&args=Array
[July 1, 2024, 7:33 pm] - &file=K:\servers\htdocs\PhpStats\stats\admin.php&line=99&function=mysql_fetch_row&args=Array
[July 1, 2024, 7:33 pm] - &file=K:\servers\htdocs\PhpStats\stats\admin.php&line=99&function=mysql_fetch_row&args=Array
[July 1, 2024, 7:33 pm] - &file=K:\servers\htdocs\PhpStats\stats\admin.php&line=99&function=mysql_fetch_row&args=Array
[July 1, 2024, 7:33 pm] - &file=K:\servers\htdocs\PhpStats\stats\admin.php&line=99&function=mysql_fetch_row&args=Array
[July 1, 2024, 7:33 pm] - &file=K:\servers\htdocs\PhpStats\stats\inc\main_func.inc.php&line=37&function=mysql_query&args=Array
[July 1, 2024, 7:33 pm] - &file=K:\servers\htdocs\PhpStats\stats\inc\user_func.inc.php&line=16&function=mysql_fetch_row&args=Array
[July 1, 2024, 7:33 pm] - &file=K:\servers\htdocs\PhpStats\stats\inc\main_func.inc.php&line=37&function=mysql_query&args=Array
[July 1, 2024, 7:33 pm] - &file=K:\servers\htdocs\PhpStats\stats\inc\main_func.inc.php&line=37&function=mysql_query&args=Array
[July 1, 2024, 7:33 pm] - &file=K:\servers\htdocs\PhpStats\stats\inc\main_func.inc.php&line=37&function=mysql_query&args=Array
[July 1, 2024, 7:33 pm] - &file=K:\servers\htdocs\PhpStats\stats\inc\admin_func.inc.php&line=527&function=mysql_affected_rows&args=Array
[July 1, 2024, 7:33 pm] - &file=K:\servers\htdocs\PhpStats\stats\inc\main_func.inc.php&line=37&function=mysql_query&args=Array
[July 1, 2024, 7:33 pm] - &file=K:\servers\htdocs\PhpStats\stats\inc\main_func.inc.php&line=37&function=mysql_query&args=Array
[July 1, 2024, 7:33 pm] - &file=K:\servers\htdocs\PhpStats\stats\inc\main_func.inc.php&line=37&function=mysql_query&args=Array
[July 1, 2024, 7:33 pm] - &file=K:\servers\htdocs\PhpStats\stats\inc\main.inc.php&line=23&function=mysql_fetch_row&args=Array
[July 1, 2024, 7:33 pm] - &file=K:\servers\htdocs\PhpStats\stats\inc\main_func.inc.php&line=37&function=mysql_query&args=Array
[July 1, 2024, 7:33 pm] - &file=K:\servers\htdocs\PhpStats\stats\inc\main.inc.php&line=32&function=mysql_fetch_row&args=Array
[July 1, 2024, 7:33 pm] - &file=K:\servers\htdocs\PhpStats\stats\inc\main_func.inc.php&line=37&function=mysql_query&args=Array
[July 1, 2024, 7:33 pm] - &file=K:\servers\htdocs\PhpStats\stats\inc\main.inc.php&line=41&function=mysql_fetch_row&args=Array
[July 1, 2024, 7:33 pm] - &file=K:\servers\htdocs\PhpStats\stats\inc\main_func.inc.php&line=37&function=mysql_query&args=Array
[July 1, 2024, 7:33 pm] - &file=K:\servers\htdocs\PhpStats\stats\inc\main.inc.php&line=50&function=mysql_fetch_row&args=Array
[July 1, 2024, 7:33 pm] - &file=K:\servers\htdocs\PhpStats\stats\inc\main_func.inc.php&line=37&function=mysql_query&args=Array
[July 1, 2024, 7:33 pm] - &file=K:\servers\htdocs\PhpStats\stats\inc\main.inc.php&line=59&function=mysql_fetch_row&args=Array
[July 1, 2024, 7:33 pm] - &file=K:\servers\htdocs\PhpStats\stats\inc\main_func.inc.php&line=37&function=mysql_query&args=Array
[July 1, 2024, 7:33 pm] - &file=K:\servers\htdocs\PhpStats\stats\inc\main.inc.php&line=68&function=mysql_fetch_row&args=Array
[July 1, 2024, 7:33 pm] - &file=K:\servers\htdocs\PhpStats\stats\inc\main_func.inc.php&line=37&function=mysql_query&args=Array
[July 1, 2024, 7:33 pm] - &file=K:\servers\htdocs\PhpStats\stats\inc\main.inc.php&line=82&function=mysql_affected_rows&args=Array
[July 1, 2024, 7:33 pm] - &file=K:\servers\htdocs\PhpStats\stats\inc\main.inc.php&line=84&function=mysql_fetch_row&args=Array
[July 1, 2024, 7:33 pm] - &file=K:\servers\htdocs\PhpStats\stats\inc\main.inc.php&line=84&function=mysql_fetch_row&args=Array
[July 1, 2024, 7:33 pm] - &file=K:\servers\htdocs\PhpStats\stats\inc\main_func.inc.php&line=37&function=mysql_query&args=Array
[July 1, 2024, 7:33 pm] - &file=K:\servers\htdocs\PhpStats\stats\inc\main.inc.php&line=105&function=mysql_fetch_row&args=Array
[July 1, 2024, 7:33 pm] - &file=K:\servers\htdocs\PhpStats\stats\inc\main_func.inc.php&line=37&function=mysql_query&args=Array
[July 1, 2024, 7:33 pm] - &file=K:\servers\htdocs\PhpStats\stats\inc\main.inc.php&line=113&function=mysql_num_rows&args=Array
[July 1, 2024, 7:33 pm] - &file=K:\servers\htdocs\PhpStats\stats\inc\main_func.inc.php&line=37&function=mysql_query&args=Array
[July 1, 2024, 7:33 pm] - &file=K:\servers\htdocs\PhpStats\stats\inc\main.inc.php&line=118&function=mysql_fetch_row&args=Array
[July 1, 2024, 7:33 pm] - &file=K:\servers\htdocs\PhpStats\stats\inc\main_func.inc.php&line=37&function=mysql_query&args=Array
[July 1, 2024, 7:33 pm] - &file=K:\servers\htdocs\PhpStats\stats\inc\main.inc.php&line=122&function=mysql_fetch_row&args=Array
[July 1, 2024, 7:33 pm] - &file=K:\servers\htdocs\PhpStats\stats\inc\main_func.inc.php&line=37&function=mysql_query&args=Array
[July 1, 2024, 7:33 pm] - &file=K:\servers\htdocs\PhpStats\stats\inc\main.inc.php&line=138&function=mysql_num_rows&args=Array
[July 1, 2024, 7:33 pm] - &file=K:\servers\htdocs\PhpStats\stats\inc\main.inc.php&line=140&function=mysql_fetch_row&args=Array
[July 1, 2024, 7:33 pm] - &file=K:\servers\htdocs\PhpStats\stats\inc\main_func.inc.php&line=37&function=mysql_query&args=Array
[July 1, 2024, 7:33 pm] - &file=K:\servers\htdocs\PhpStats\stats\inc\main.inc.php&line=148&function=mysql_num_rows&args=Array
[July 1, 2024, 7:33 pm] - &file=K:\servers\htdocs\PhpStats\stats\inc\main.inc.php&line=150&function=mysql_fetch_row&args=Array
[July 1, 2024, 7:33 pm] - &file=K:\servers\htdocs\PhpStats\stats\inc\main_func.inc.php&line=37&function=mysql_query&args=Array
[July 1, 2024, 7:33 pm] - &file=K:\servers\htdocs\PhpStats\stats\inc\main.inc.php&line=158&function=mysql_num_rows&args=Array
[July 1, 2024, 7:33 pm] - &file=K:\servers\htdocs\PhpStats\stats\inc\main.inc.php&line=160&function=mysql_fetch_row&args=Array
[July 1, 2024, 7:33 pm] - &file=K:\servers\htdocs\PhpStats\stats\inc\main_func.inc.php&line=37&function=mysql_query&args=Array
[July 1, 2024, 7:33 pm] - &file=K:\servers\htdocs\PhpStats\stats\inc\main.inc.php&line=170&function=mysql_num_rows&args=Array
[July 1, 2024, 7:33 pm] - &file=K:\servers\htdocs\PhpStats\stats\inc\main.inc.php&line=172&function=mysql_fetch_row&args=Array
[July 1, 2024, 7:33 pm] - &file=K:\servers\htdocs\PhpStats\stats\inc\main_func.inc.php&line=37&function=mysql_query&args=Array
[July 1, 2024, 7:33 pm] - &file=K:\servers\htdocs\PhpStats\stats\inc\main.inc.php&line=180&function=mysql_num_rows&args=Array
[July 1, 2024, 7:33 pm] - &file=K:\servers\htdocs\PhpStats\stats\inc\main.inc.php&line=180&function=mysql_fetch_row&args=Array
[July 1, 2024, 7:33 pm] - &file=K:\servers\htdocs\PhpStats\stats\inc\main.inc.php&line=184&function=mysql_query&args=Array
[July 1, 2024, 7:33 pm] - &file=K:\servers\htdocs\PhpStats\stats\inc\main.inc.php&line=185&function=mysql_num_rows&args=Array
[July 1, 2024, 7:33 pm] - &file=K:\servers\htdocs\PhpStats\stats\inc\main.inc.php&line=187&function=mysql_fetch_row&args=Array
[July 1, 2024, 7:33 pm] - &file=K:\servers\htdocs\PhpStats\stats\inc\main_func.inc.php&line=37&function=mysql_query&args=Array
[July 1, 2024, 7:33 pm] - &file=K:\servers\htdocs\PhpStats\stats\inc\main.inc.php&line=249&function=mysql_fetch_row&args=Array
[July 1, 2024, 7:33 pm] - &file=K:\servers\htdocs\PhpStats\stats\inc\main_func.inc.php&line=37&function=mysql_query&args=Array
[July 1, 2024, 7:33 pm] - &file=K:\servers\htdocs\PhpStats\stats\inc\main.inc.php&line=264&function=mysql_fetch_row&args=Array
[July 1, 2024, 7:33 pm] - &file=K:\servers\htdocs\PhpStats\stats\inc\main_func.inc.php&line=37&function=mysql_query&args=Array
[July 1, 2024, 7:33 pm] - &file=K:\servers\htdocs\PhpStats\stats\inc\main.inc.php&line=335&function=mysql_fetch_array&args=Array
[July 1, 2024, 7:33 pm] - &file=K:\servers\htdocs\PhpStats\stats\inc\main.inc.php&line=335&function=mysql_fetch_array&args=Array
[July 1, 2024, 7:33 pm] - &file=K:\servers\htdocs\PhpStats\stats\inc\main.inc.php&line=335&function=mysql_fetch_array&args=Array
[July 1, 2024, 7:33 pm] - &file=K:\servers\htdocs\PhpStats\stats\inc\main.inc.php&line=335&function=mysql_fetch_array&args=Array
[July 1, 2024, 7:33 pm] - &file=K:\servers\htdocs\PhpStats\stats\inc\main.inc.php&line=335&function=mysql_fetch_array&args=Array
[July 1, 2024, 7:33 pm] - &file=K:\servers\htdocs\PhpStats\stats\inc\main.inc.php&line=335&function=mysql_fetch_array&args=Array
[July 1, 2024, 7:33 pm] - &file=K:\servers\htdocs\PhpStats\stats\inc\main.inc.php&line=335&function=mysql_fetch_array&args=Array
[July 1, 2024, 7:33 pm] - &file=K:\servers\htdocs\PhpStats\stats\inc\main.inc.php&line=335&function=mysql_fetch_array&args=Array
[July 1, 2024, 7:33 pm] - &file=K:\servers\htdocs\PhpStats\stats\inc\main.inc.php&line=335&function=mysql_fetch_array&args=Array
[July 1, 2024, 7:33 pm] - &file=K:\servers\htdocs\PhpStats\stats\inc\main.inc.php&line=335&function=mysql_fetch_array&args=Array
[July 1, 2024, 7:33 pm] - &file=K:\servers\htdocs\PhpStats\stats\inc\main.inc.php&line=335&function=mysql_fetch_array&args=Array
[July 1, 2024, 7:33 pm] - &file=K:\servers\htdocs\PhpStats\stats\inc\main.inc.php&line=335&function=mysql_fetch_array&args=Array
[July 1, 2024, 7:33 pm] - &file=K:\servers\htdocs\PhpStats\stats\inc\main.inc.php&line=335&function=mysql_fetch_array&args=Array
[July 1, 2024, 7:33 pm] - &file=K:\servers\htdocs\PhpStats\stats\inc\main.inc.php&line=335&function=mysql_fetch_array&args=Array
[July 1, 2024, 7:33 pm] - &file=K:\servers\htdocs\PhpStats\stats\inc\main.inc.php&line=335&function=mysql_fetch_array&args=Array
[July 1, 2024, 7:33 pm] - &file=K:\servers\htdocs\PhpStats\stats\inc\main.inc.php&line=335&function=mysql_fetch_array&args=Array
[July 1, 2024, 7:33 pm] - &file=K:\servers\htdocs\PhpStats\stats\inc\main.inc.php&line=335&function=mysql_fetch_array&args=Array
[July 1, 2024, 7:33 pm] - &file=K:\servers\htdocs\PhpStats\stats\inc\main.inc.php&line=335&function=mysql_fetch_array&args=Array
[July 1, 2024, 7:33 pm] - &file=K:\servers\htdocs\PhpStats\stats\inc\main.inc.php&line=369&function=mysql_num_rows&args=Array
[July 1, 2024, 7:33 pm] - &file=K:\servers\htdocs\PhpStats\stats\inc\main_func.inc.php&line=37&function=mysql_query&args=Array
[July 1, 2024, 7:33 pm] - &file=K:\servers\htdocs\PhpStats\stats\inc\main.inc.php&line=457&function=mysql_num_rows&args=Array
[July 1, 2024, 7:33 pm] - &file=K:\servers\htdocs\PhpStats\stats\inc\main.inc.php&line=459&function=mysql_fetch_row&args=Array
[July 1, 2024, 7:33 pm] - &file=K:\servers\htdocs\PhpStats\stats\inc\main_func.inc.php&line=37&function=mysql_query&args=Array
[July 1, 2024, 7:33 pm] - &file=K:\servers\htdocs\PhpStats\stats\inc\main.inc.php&line=467&function=mysql_num_rows&args=Array
[July 1, 2024, 7:33 pm] - &file=K:\servers\htdocs\PhpStats\stats\inc\main.inc.php&line=469&function=mysql_fetch_row&args=Array
[July 1, 2024, 7:33 pm] - &file=K:\servers\htdocs\PhpStats\stats\inc\main_func.inc.php&line=37&function=mysql_query&args=Array
[July 1, 2024, 7:33 pm] - &file=K:\servers\htdocs\PhpStats\stats\inc\main.inc.php&line=476&function=mysql_num_rows&args=Array
[July 1, 2024, 7:33 pm] - &file=K:\servers\htdocs\PhpStats\stats\inc\main.inc.php&line=478&function=mysql_fetch_row&args=Array
[July 1, 2024, 7:33 pm] - &file=K:\servers\htdocs\PhpStats\stats\inc\main_func.inc.php&line=37&function=mysql_query&args=Array
[July 1, 2024, 7:33 pm] - &file=K:\servers\htdocs\PhpStats\stats\inc\main.inc.php&line=484&function=mysql_num_rows&args=Array
[July 1, 2024, 7:33 pm] - &file=K:\servers\htdocs\PhpStats\stats\inc\main.inc.php&line=486&function=mysql_fetch_row&args=Array
[July 1, 2024, 7:33 pm] - &file=K:\servers\htdocs\PhpStats\stats\inc\main_func.inc.php&line=37&function=mysql_query&args=Array
[July 1, 2024, 7:33 pm] - &file=K:\servers\htdocs\PhpStats\stats\inc\main.inc.php&line=492&function=mysql_num_rows&args=Array
[July 1, 2024, 7:33 pm] - &file=K:\servers\htdocs\PhpStats\stats\inc\main.inc.php&line=494&function=mysql_fetch_row&args=Array
[July 1, 2024, 7:33 pm] - &file=K:\servers\htdocs\PhpStats\stats\inc\main_func.inc.php&line=37&function=mysql_query&args=Array
[July 1, 2024, 7:33 pm] - &file=K:\servers\htdocs\PhpStats\stats\inc\main.inc.php&line=504&function=mysql_num_rows&args=Array
[July 1, 2024, 7:33 pm] - &file=K:\servers\htdocs\PhpStats\stats\inc\main.inc.php&line=506&function=mysql_fetch_row&args=Array
[July 1, 2024, 7:33 pm] - &file=K:\servers\htdocs\PhpStats\stats\inc\main.inc.php&line=550&function=mysql_get_server_info&args=Array
[July 1, 2024, 7:33 pm] - &file=K:\servers\htdocs\PhpStats\stats\admin.php&line=279&function=mysql_close&args=Array
